0 info it worked if it ends with ok
1 verbose cli [ 'node', '/usr/local/bin/npm', 'publish' ]
2 info using npm@1.4.20
3 info using node@v0.10.29
4 verbose publish [ '.' ]
5 verbose cache add [ '.', null ]
6 verbose cache add name=undefined spec="." args=[".",null]
7 verbose parsed url { protocol: null,
7 verbose parsed url   slashes: null,
7 verbose parsed url   auth: null,
7 verbose parsed url   host: null,
7 verbose parsed url   port: null,
7 verbose parsed url   hostname: null,
7 verbose parsed url   hash: null,
7 verbose parsed url   search: null,
7 verbose parsed url   query: null,
7 verbose parsed url   pathname: '.',
7 verbose parsed url   path: '.',
7 verbose parsed url   href: '.' }
8 silly lockFile 3a52ce78- .
9 verbose lock . /Users/dblue/.npm/3a52ce78-.lock
10 verbose tar pack [ '/Users/dblue/.npm/replace-temp-values/0.1.0/package.tgz',
10 verbose tar pack   '.' ]
11 verbose tarball /Users/dblue/.npm/replace-temp-values/0.1.0/package.tgz
12 verbose folder .
13 info prepublish replace-temp-values@0.1.0
14 silly lockFile 1f1177db-tar tar://.
15 verbose lock tar://. /Users/dblue/.npm/1f1177db-tar.lock
16 silly lockFile 6dcb653e-ce-temp-values-0-1-0-package-tgz tar:///Users/dblue/.npm/replace-temp-values/0.1.0/package.tgz
17 verbose lock tar:///Users/dblue/.npm/replace-temp-values/0.1.0/package.tgz /Users/dblue/.npm/6dcb653e-ce-temp-values-0-1-0-package-tgz.lock
18 silly lockFile 1f1177db-tar tar://.
19 silly lockFile 1f1177db-tar tar://.
20 silly lockFile 6dcb653e-ce-temp-values-0-1-0-package-tgz tar:///Users/dblue/.npm/replace-temp-values/0.1.0/package.tgz
21 silly lockFile 6dcb653e-ce-temp-values-0-1-0-package-tgz tar:///Users/dblue/.npm/replace-temp-values/0.1.0/package.tgz
22 silly lockFile 1ecfb4ab-eplace-temp-values-0-1-0-package /Users/dblue/.npm/replace-temp-values/0.1.0/package
23 verbose lock /Users/dblue/.npm/replace-temp-values/0.1.0/package /Users/dblue/.npm/1ecfb4ab-eplace-temp-values-0-1-0-package.lock
24 silly lockFile 1ecfb4ab-eplace-temp-values-0-1-0-package /Users/dblue/.npm/replace-temp-values/0.1.0/package
25 silly lockFile 1ecfb4ab-eplace-temp-values-0-1-0-package /Users/dblue/.npm/replace-temp-values/0.1.0/package
26 silly lockFile 3a52ce78- .
27 silly lockFile 3a52ce78- .
28 silly publish { name: 'replace-temp-values',
28 silly publish   version: '0.1.0',
28 silly publish   description: 'Replace marked template values in file',
28 silly publish   main: 'index.js',
28 silly publish   scripts: { test: 'echo "Error: no test specified" && exit 1' },
28 silly publish   repository:
28 silly publish    { type: 'git',
28 silly publish      url: 'https://github.com/DannyBlueDesign/replace-temp-values.git' },
28 silly publish   keywords: [ 'read', 'write', 'template', 'replace', 'values' ],
28 silly publish   author:
28 silly publish    { name: 'Danny Blue',
28 silly publish      email: 'dannybluedesign@gmail.com',
28 silly publish      url: 'http://dannybluedesign.com/' },
28 silly publish   license: 'ISC',
28 silly publish   bugs: { url: 'https://github.com/DannyBlueDesign/replace-temp-values/issues' },
28 silly publish   homepage: 'https://github.com/DannyBlueDesign/replace-temp-values',
28 silly publish   readme: 'Replace Template Values\n=========\n\nA tiny module for replacing template values in a file.\n\nValues to be replaced should be book ended with %%.\n\n## Installation\n\n  npm install replace-temp-values --save\n\n## Usage\n  myFile.txt\n  ```\n  %Heading%\n  \n  Welcome to this months newsletter\n  ...\n  \n  %Footer%\n  ```\n    \n  app.js\n  ```JS\n  var replace = require(\'replace-temp-values\');\n  \n  replace(\'myFile.txt\', \'Heading\', \'Good Morning San Diego!\');\n  \n  or with corresponding arrays\n  \n  replace(\'myFile.txt\', [\'Heading\', \'Footer\'], [\'Good Morning San Diego!\', \'Yaz Flute\']);\n  ```\n  \n\n* 0.1.0 Initial release',
28 silly publish   readmeFilename: 'README.md',
28 silly publish   gitHead: 'cc0e0d8b403ae05a0d06708b371bf60eef84547c',
28 silly publish   _id: 'replace-temp-values@0.1.0',
28 silly publish   _shasum: 'e31bef9647f045130b7cc66ba31c15320685adc0',
28 silly publish   _from: '.' }
29 verbose request where is /replace-temp-values
30 verbose request registry https://registry.npmjs.org/
31 verbose request id a519dbbb348223f9
32 verbose url raw /replace-temp-values
33 verbose url resolving [ 'https://registry.npmjs.org/', './replace-temp-values' ]
34 verbose url resolved https://registry.npmjs.org/replace-temp-values
35 verbose request where is https://registry.npmjs.org/replace-temp-values
36 info trying registry request attempt 1 at 21:55:36
37 http PUT https://registry.npmjs.org/replace-temp-values
38 http 403 https://registry.npmjs.org/replace-temp-values
39 verbose headers { date: 'Sun, 07 Sep 2014 01:55:37 GMT',
39 verbose headers   server: 'CouchDB/1.5.0 (Erlang OTP/R14B04)',
39 verbose headers   'content-type': 'application/json',
39 verbose headers   'cache-control': 'max-age=60',
39 verbose headers   'content-length': '3364',
39 verbose headers   'accept-ranges': 'bytes',
39 verbose headers   via: '1.1 varnish',
39 verbose headers   'x-served-by': 'cache-jfk1029-JFK',
39 verbose headers   'x-cache': 'MISS',
39 verbose headers   'x-cache-hits': '0',
39 verbose headers   'x-timer': 'S1410054937.182562,VS0,VE316',
39 verbose headers   'keep-alive': 'timeout=10, max=50',
39 verbose headers   connection: 'Keep-Alive' }
40 error publish Failed PUT 403
41 error Error: forbidden cannot modify pre-existing version: 0.1.0
41 error old={"name":"replace-temp-values","version":"0.1.0","description":"Replace marked template values in file","main":"index.js","scripts":{"test":"echo \"Error: no test specified\" && exit 1"},"repository":{"type":"git","url":"https://github.com/DannyBlueDesign/replace-temp-values.git"},"keywords":["read","write","template","replace","values"],"author":{"name":"Danny Blue","email":"dannybluedesign@gmail.com","url":"http://dannybluedesign.com/"},"license":"ISC","bugs":{"url":"https://github.com/DannyBlueDesign/replace-temp-values/issues"},"homepage":"https://github.com/DannyBlueDesign/replace-temp-values","gitHead":"0c17e5e19e7f0b8b4fd803565f5326c7ddc343ad","_id":"replace-temp-values@0.1.0","_shasum":"993b36af58749cb6a1ae88ce585b2118e6107683","_from":".","_npmVersion":"1.4.20","_npmUser":{"name":"dannybluedesign","email":"dannybluedesign@gmail.com"},"maintainers":[{"name":"dannybluedesign","email":"dannybluedesign@gmail.com"}],"dist":{"shasum":"993b36af58749cb6a1ae88ce585b2118e6107683","tarball":"http://registry.npmjs.org/replace-temp-values/-/replace-temp-values-0.1.0.tgz"}}
41 error new={"name":"replace-temp-values","version":"0.1.0","description":"Replace marked template values in file","main":"index.js","scripts":{"test":"echo \"Error: no test specified\" && exit 1"},"repository":{"type":"git","url":"https://github.com/DannyBlueDesign/replace-temp-values.git"},"keywords":["read","write","template","replace","values"],"author":{"name":"Danny Blue","email":"dannybluedesign@gmail.com","url":"http://dannybluedesign.com/"},"license":"ISC","bugs":{"url":"https://github.com/DannyBlueDesign/replace-temp-values/issues"},"homepage":"https://github.com/DannyBlueDesign/replace-temp-values","readme":"Replace Template Values\u000a=========\u000a\u000aA tiny module for replacing template values in a file.\u000a\u000aValues to be replaced should be book ended with %.\u000a\u000a## Installation\u000a\u000a  npm install replace-temp-values --save\u000a\u000a## Usage\u000a  myFile.txt\u000a  ```\u000a  %Heading%\u000a  \u000a  Welcome to this months newsletter\u000a  ...\u000a  \u000a  %Footer%\u000a  ```\u000a    \u000a  app.js\u000a  ```JS\u000a  var replace = require('replace-temp-values');\u000a  \u000a  replace('myFile.txt', 'Heading', 'Good Morning San Diego!');\u000a  \u000a  or with corresponding arrays\u000a  \u000a  replace('myFile.txt', ['Heading', 'Footer'], ['Good Morning San Diego!', 'Yaz Flute']);\u000a  ```\u000a  \u000a\u000a* 0.1.0 Initial release","readmeFilename":"README.md","gitHead":"cc0e0d8b403ae05a0d06708b371bf60eef84547c","_id":"replace-temp-values@0.1.0","_shasum":"e31bef9647f045130b7cc66ba31c15320685adc0","_from":".","_npmVersion":"1.4.20","_npmUser":{"name":"dannybluedesign","email":"dannybluedesign@gmail.com"},"maintainers":[{"name":"dannybluedesign","email":"dannybluedesign@gmail.com"}],"dist":{"shasum":"e31bef9647f045130b7cc66ba31c15320685adc0","tarball":"http://registry.npmjs.org/replace-temp-values/-/replace-temp-values-0.1.0.tgz"}}: replace-temp-values
41 error     at RegClient.<anonymous> (/usr/local/lib/node_modules/npm/node_modules/npm-registry-client/lib/request.js:300:14)
41 error     at Request._callback (/usr/local/lib/node_modules/npm/node_modules/npm-registry-client/lib/request.js:238:65)
41 error     at Request.self.callback (/usr/local/lib/node_modules/npm/node_modules/request/request.js:123:22)
41 error     at Request.emit (events.js:98:17)
41 error     at Request.<anonymous> (/usr/local/lib/node_modules/npm/node_modules/request/request.js:893:14)
41 error     at Request.emit (events.js:117:20)
41 error     at IncomingMessage.<anonymous> (/usr/local/lib/node_modules/npm/node_modules/request/request.js:844:12)
41 error     at IncomingMessage.emit (events.js:117:20)
41 error     at _stream_readable.js:929:16
41 error     at process._tickCallback (node.js:419:13)
42 error If you need help, you may report this *entire* log,
42 error including the npm and node versions, at:
42 error     <http://github.com/npm/npm/issues>
43 error System Darwin 13.3.0
44 error command "node" "/usr/local/bin/npm" "publish"
45 error cwd /Users/dblue/Documents/projects/replaceTempValues
46 error node -v v0.10.29
47 error npm -v 1.4.20
48 verbose exit [ 1, true ]
